<?xml version="1.0" encoding="UTF-8"?>
<testng-results skipped="0" failed="0" ignored="0" total="1" passed="1">
  <reporter-output>
  </reporter-output>
  <suite name="Default suite" duration-ms="104100" started-at="2017-12-12T12:18:46Z" finished-at="2017-12-12T12:20:30Z">
    <groups>
    </groups>
    <test name="Default test" duration-ms="104100" started-at="2017-12-12T12:18:46Z" finished-at="2017-12-12T12:20:30Z">
      <class name="com.weather.test.LocationManagerTest">
        <test-method status="PASS" signature="testSearchIocnIsVisible()[pri:0, instance:com.weather.test.LocationManagerTest@cc285f4]" name="testSearchIocnIsVisible" duration-ms="104084" started-at="2017-12-12T17:48:46Z" finished-at="2017-12-12T17:50:30Z">
          <reporter-output>
          </reporter-output>
        </test-method> <!-- testSearchIocnIsVisible -->
      </class> <!-- com.weather.test.LocationManagerTest -->
    </test> <!-- Default test -->
  </suite> <!-- Default suite -->
</testng-results>
